<?xml version="1.0" encoding="UTF-8"?>
<testsuite name="Modulos internos al loguearse" tests="1" skipped="0" failures="0" errors="0" timestamp="2023-04-13T03:01:30" hostname="SQAMED-SQA4387" time="10.671">
  <properties/>
  <testcase name="Actualizacion de datos" classname="Modulos internos al loguearse" time="10.671"/>
  <system-out><![CDATA[]]></system-out>
  <system-err><![CDATA[[Test worker] INFO io.cucumber.core.plugin.SerenityReporter - Running feature from file:///C:/Innovación/Auto%20como%20servicio/Repositorios/proyectobasepomgradle/src/test/resources/features/Test.feature
[Test worker] INFO  - 
  _____   ___   ___   _____     ___   _____     _     ___   _____   ___   ___  
 |_   _| | __| / __| |_   _|   / __| |_   _|   /_\   | _ \ |_   _| | __| |   \ 
   | |   | _|  \__ \   | |     \__ \   | |    / _ \  |   /   | |   | _|  | |) |
   |_|   |___| |___/   |_|     |___/   |_|   /_/ \_\ |_|_\   |_|   |___| |___/ 

Actualizacion de datos(modulos-internos-al-loguearse;actualizacion-de-datos)
--------------------------------------------------------------------------------
abr. 12, 2023 10:01:31 P. M. Utils.DriverManager newDriver
INFO: Se esta instanciando un driver de forma automatica
abr. 12, 2023 10:01:31 P. M. Utils.DriverManager newDriver
INFO: Se esta instanciando un webdriver de chrome
[Test worker] INFO io.github.bonigarcia.wdm.WebDriverManager - Using chromedriver 111.0.5563.64 (resolved driver for Chrome 111)
[Test worker] INFO io.github.bonigarcia.wdm.WebDriverManager - Exporting webdriver.chrome.driver as C:\Users\SQA-4387\.cache\selenium\chromedriver\win32\111.0.5563.64\chromedriver.exe
Starting ChromeDriver 111.0.5563.64 (c710e93d5b63b7095afe8c2c17df34408078439d-refs/branch-heads/5563@{#995}) on port 38174
Only local connections are allowed.
Please see https://chromedriver.chromium.org/security-considerations for suggestions on keeping ChromeDriver safe.
ChromeDriver was started successfully.
abr. 12, 2023 10:01:35 P. M. org.openqa.selenium.devtools.CdpVersionFinder findNearestMatch
WARNING: Unable to find an exact match for CDP version 111, so returning the closest version found: 109
abr. 12, 2023 10:01:35 P. M. Utils.DriverManager newDriver
INFO: Se ha isntanciado el driver
[Test worker] INFO  - 
  _____   ___   ___   _____     ___     _     ___   ___   ___   ___  
 |_   _| | __| / __| |_   _|   | _ \   /_\   / __| / __| | __| |   \ 
   | |   | _|  \__ \   | |     |  _/  / _ \  \__ \ \__ \ | _|  | |) |
   |_|   |___| |___/   |_|     |_|   /_/ \_\ |___/ |___/ |___| |___/ 

Actualizacion de datos
----------------------------------------------------------------------
]]></system-err>
</testsuite>
